
****** PlanAhead v14.7 (64-bit)
  **** Build 321239 by xbuild on Fri Sep 27 19:29:51 MDT 2013
    ** Copyright 1986-1999, 2001-2013 Xilinx, Inc. All Rights Reserved.

INFO: [Common 17-78] Attempting to get a license: PlanAhead
INFO: [Common 17-290] Got license for PlanAhead
INFO: [Common 17-86] Your PlanAhead license expires in -470 day(s)
INFO: [Device 21-36] Loading parts and site information from C:/Xilinx/14.7/ISE_DS/PlanAhead/data/parts/arch.xml
Parsing RTL primitives file [C:/Xilinx/14.7/ISE_DS/PlanAhead/data/parts/xilinx/rtl/prims/rtl_prims.xml]
Finished parsing RTL primitives file [C:/Xilinx/14.7/ISE_DS/PlanAhead/data/parts/xilinx/rtl/prims/rtl_prims.xml]
start_gui
source C:/Xilinx/14.7/ISE_DS/ISE/CA-Project/pa.fromHdl.tcl
# create_project -name CA-Project -dir "C:/Xilinx/14.7/ISE_DS/ISE/CA-Project/planAhead_run_1" -part xc7a100tcsg324-3
# set_param project.pinAheadLayout yes
# set srcset [get_property srcset [current_run -impl]]
# set_property target_constrs_file "PlacaMae.ucf" [current_fileset -constrset]
Adding file 'C:/Xilinx/14.7/ISE_DS/ISE/CA-Project/PlacaMae.ucf' to fileset 'constrs_1'
# set hdlfile [add_files [list {ROM.vhd}]]
# set_property file_type VHDL $hdlfile
# set_property library work $hdlfile
# set hdlfile [add_files [list {RegistoFlags.vhd}]]
# set_property file_type VHDL $hdlfile
# set_property library work $hdlfile
# set hdlfile [add_files [list {PerifericoSaida.vhd}]]
# set_property file_type VHDL $hdlfile
# set_property library work $hdlfile
# set hdlfile [add_files [list {PerifericoEntrada.vhd}]]
# set_property file_type VHDL $hdlfile
# set_property library work $hdlfile
# set hdlfile [add_files [list {PC.vhd}]]
# set_property file_type VHDL $hdlfile
# set_property library work $hdlfile
# set hdlfile [add_files [list {MUX_R.vhd}]]
# set_property file_type VHDL $hdlfile
# set_property library work $hdlfile
# set hdlfile [add_files [list {MUX_PC.vhd}]]
# set_property file_type VHDL $hdlfile
# set_property library work $hdlfile
# set hdlfile [add_files [list {BancoRegistos.vhd}]]
# set_property file_type VHDL $hdlfile
# set_property library work $hdlfile
# set hdlfile [add_files [list {ALU.vhd}]]
# set_property file_type VHDL $hdlfile
# set_property library work $hdlfile
# set hdlfile [add_files [list {RAM.vhd}]]
# set_property file_type VHDL $hdlfile
# set_property library work $hdlfile
# set hdlfile [add_files [list {Processador.vhd}]]
# set_property file_type VHDL $hdlfile
# set_property library work $hdlfile
# set hdlfile [add_files [list {MemoriaInstrucoes.vhd}]]
# set_property file_type VHDL $hdlfile
# set_property library work $hdlfile
# set hdlfile [add_files [list {PlacaMae.vhd}]]
# set_property file_type VHDL $hdlfile
# set_property library work $hdlfile
# set_property top PlacaMae $srcset
# add_files [list {PlacaMae.ucf}] -fileset [get_property constrset [current_run]]
# open_rtl_design -part xc7a100tcsg324-3
Using Verific elaboration
Parsing VHDL file "C:/Xilinx/14.7/ISE_DS/PlanAhead/data/parts/xilinx/rtl/lib/synplify/synattr.vhd" into library synplify
Parsing VHDL file "C:/Xilinx/14.7/ISE_DS/PlanAhead/data/parts/xilinx/rtl/lib/synplify/synattr.vhd" into library synplify
Parsing VHDL file "C:/Xilinx/14.7/ISE_DS/ISE/CA-Project/ROM.vhd" into library work
Parsing VHDL file "C:/Xilinx/14.7/ISE_DS/ISE/CA-Project/RegistoFlags.vhd" into library work
Parsing VHDL file "C:/Xilinx/14.7/ISE_DS/ISE/CA-Project/PerifericoSaida.vhd" into library work
Parsing VHDL file "C:/Xilinx/14.7/ISE_DS/ISE/CA-Project/PerifericoEntrada.vhd" into library work
Parsing VHDL file "C:/Xilinx/14.7/ISE_DS/ISE/CA-Project/PC.vhd" into library work
Parsing VHDL file "C:/Xilinx/14.7/ISE_DS/ISE/CA-Project/MUX_R.vhd" into library work
Parsing VHDL file "C:/Xilinx/14.7/ISE_DS/ISE/CA-Project/MUX_PC.vhd" into library work
Parsing VHDL file "C:/Xilinx/14.7/ISE_DS/ISE/CA-Project/BancoRegistos.vhd" into library work
Parsing VHDL file "C:/Xilinx/14.7/ISE_DS/ISE/CA-Project/ALU.vhd" into library work
Parsing VHDL file "C:/Xilinx/14.7/ISE_DS/ISE/CA-Project/RAM.vhd" into library work
Parsing VHDL file "C:/Xilinx/14.7/ISE_DS/ISE/CA-Project/Processador.vhd" into library work
Parsing VHDL file "C:/Xilinx/14.7/ISE_DS/ISE/CA-Project/MemoriaInstrucoes.vhd" into library work
Parsing VHDL file "C:/Xilinx/14.7/ISE_DS/ISE/CA-Project/PlacaMae.vhd" into library work
Loading clock regions from C:/Xilinx/14.7/ISE_DS/PlanAhead/data\parts/xilinx/artix7/artix7/xc7a100t/ClockRegion.xml
Loading clock buffers from C:/Xilinx/14.7/ISE_DS/PlanAhead/data\parts/xilinx/artix7/artix7/xc7a100t/ClockBuffers.xml
Loading clock placement rules from C:/Xilinx/14.7/ISE_DS/PlanAhead/data/parts/xilinx/artix7/ClockPlacerRules.xml
Loading package pin functions from C:/Xilinx/14.7/ISE_DS/PlanAhead/data\parts/xilinx/artix7/PinFunctions.xml...
Loading package from C:/Xilinx/14.7/ISE_DS/PlanAhead/data\parts/xilinx/artix7/artix7/xc7a100t/csg324/Package.xml
Loading io standards from C:/Xilinx/14.7/ISE_DS/PlanAhead/data\./parts/xilinx/artix7/IOStandards.xml
Loading device configuration modes from C:/Xilinx/14.7/ISE_DS/PlanAhead/data\parts/xilinx/artix7/ConfigModes.xml
Loading list of drcs for the architecture : C:/Xilinx/14.7/ISE_DS/PlanAhead/data\./parts/xilinx/artix7/drc.xml
Parsing UCF File [C:/Xilinx/14.7/ISE_DS/ISE/CA-Project/PlacaMae.ucf]
Finished Parsing UCF File [C:/Xilinx/14.7/ISE_DS/ISE/CA-Project/PlacaMae.ucf]
INFO: [Project 1-111] Unisim Transformation Summary:
No Unisim elements were transformed.

Phase 0 | Netlist Checksum: 8dc3434c
open_rtl_design: Time (s): elapsed = 00:00:21 . Memory (MB): peak = 739.961 ; gain = 343.785
update_compile_order -fileset sim_1
set_property iostandard LVCMOS18 [get_ports [list {PIN[7]} {PIN[6]} {PIN[5]} {PIN[4]} {PIN[3]} {PIN[2]} {PIN[1]} {PIN[0]}]]
startgroup
set_property package_pin R17 [get_ports {PIN[7]}]
endgroup
startgroup
set_property package_pin N17 [get_ports {PIN[6]}]
endgroup
startgroup
set_property package_pin L13 [get_ports {PIN[5]}]
endgroup
startgroup
set_property package_pin L14 [get_ports {PIN[4]}]
endgroup
startgroup
set_property package_pin K17 [get_ports {PIN[3]}]
endgroup
startgroup
set_property package_pin K18 [get_ports {PIN[2]}]
endgroup
startgroup
set_property package_pin G18 [get_ports {PIN[0]}]
endgroup
exit
ERROR: [Common 17-39] 'stop_gui' failed due to earlier errors.
INFO: [Common 17-206] Exiting PlanAhead at Thu Mar 14 11:34:30 2024...
INFO: [Common 17-83] Releasing license: PlanAhead
